<?xml version="1.0" encoding="UTF-8"?>
<testng-results skipped="0" failed="1" total="1" passed="0">
  <reporter-output>
  </reporter-output>
  <suite name="Default suite" duration-ms="12530" started-at="2013-08-08T17:28:04Z" finished-at="2013-08-08T17:28:17Z">
    <groups>
    </groups>
    <test name="Default test" duration-ms="12530" started-at="2013-08-08T17:28:04Z" finished-at="2013-08-08T17:28:17Z">
      <class name="com.wwt.test.snowbird.reportTestcases.CompareOldandNewReports">
        <test-method status="PASS" signature="beforeTest()[pri:0, instance:null(com.wwt.test.snowbird.reportTestcases.CompareOldandNewReports)]" name="beforeTest" is-config="true" duration-ms="12516" started-at="2013-08-08T13:28:04Z" finished-at="2013-08-08T13:28:17Z">
          <reporter-output>
          </reporter-output>
        </test-method> <!-- beforeTest -->
        <test-method status="FAIL" signature="compareReports(java.lang.String, java.lang.String, java.lang.String, java.lang.String)[pri:0, instance:null(com.wwt.test.snowbird.reportTestcases.CompareOldandNewReports)]" name="compareReports" duration-ms="0" started-at="2013-08-08T13:28:17Z" finished-at="2013-08-08T13:28:17Z">
          <exception class="org.testng.TestNGException">
            <message>
              <![CDATA[
Method compareReports requires 4 parameters but 0 were supplied in the @Test annotation.]]>
            </message>
            <full-stacktrace>
              <![CDATA[org.testng.TestNGException: 
Method compareReports requires 4 parameters but 0 were supplied in the @Test annotation.
	at org.testng.internal.Parameters.checkParameterTypes(Parameters.java:198)
	at org.testng.internal.Parameters.createParameters(Parameters.java:134)
	at org.testng.internal.Parameters.createParameters(Parameters.java:373)
	at org.testng.internal.Parameters.handleParameters(Parameters.java:450)
	at org.testng.internal.Invoker.handleParameters(Invoker.java:1383)
	at org.testng.internal.Invoker.createParameters(Invoker.java:1075)
	at org.testng.internal.Invoker.invokeTestMethods(Invoker.java:1180)
	at org.testng.internal.TestMethodWorker.invokeTestMethods(TestMethodWorker.java:127)
	at org.testng.internal.TestMethodWorker.run(TestMethodWorker.java:111)
	at org.testng.TestRunner.privateRun(TestRunner.java:767)
	at org.testng.TestRunner.run(TestRunner.java:617)
	at org.testng.SuiteRunner.runTest(SuiteRunner.java:335)
	at org.testng.SuiteRunner.runSequentially(SuiteRunner.java:330)
	at org.testng.SuiteRunner.privateRun(SuiteRunner.java:291)
	at org.testng.SuiteRunner.run(SuiteRunner.java:240)
	at org.testng.SuiteRunnerWorker.runSuite(SuiteRunnerWorker.java:52)
	at org.testng.SuiteRunnerWorker.run(SuiteRunnerWorker.java:86)
	at org.testng.TestNG.runSuitesSequentially(TestNG.java:1224)
	at org.testng.TestNG.runSuitesLocally(TestNG.java:1149)
	at org.testng.TestNG.run(TestNG.java:1057)
	at org.testng.remote.RemoteTestNG.run(RemoteTestNG.java:111)
	at org.testng.remote.RemoteTestNG.initAndRun(RemoteTestNG.java:204)
	at org.testng.remote.RemoteTestNG.main(RemoteTestNG.java:175)
]]>
            </full-stacktrace>
          </exception> <!-- org.testng.TestNGException -->
          <reporter-output>
          </reporter-output>
        </test-method> <!-- compareReports -->
        <test-method status="PASS" signature="afterTest()[pri:0, instance:null(com.wwt.test.snowbird.reportTestcases.CompareOldandNewReports)]" name="afterTest" is-config="true" duration-ms="0" started-at="2013-08-08T13:28:17Z" finished-at="2013-08-08T13:28:17Z">
          <reporter-output>
          </reporter-output>
        </test-method> <!-- afterTest -->
      </class> <!-- com.wwt.test.snowbird.reportTestcases.CompareOldandNewReports -->
    </test> <!-- Default test -->
  </suite> <!-- Default suite -->
</testng-results>
