<?xml version="1.0" encoding="UTF-8"?>
<testng-results skipped="0" failed="1" total="1" passed="0">
  <reporter-output>
  </reporter-output>
  <suite name="Default suite" duration-ms="24986" started-at="2013-08-08T02:59:43Z" finished-at="2013-08-08T03:00:08Z">
    <groups>
    </groups>
    <test name="Default test" duration-ms="24986" started-at="2013-08-08T02:59:43Z" finished-at="2013-08-08T03:00:08Z">
      <class name="com.wwt.test.snowbird.reportTestcases.CompareOldandNewReports">
        <test-method status="PASS" signature="beforeTest()[pri:0, instance:null(com.wwt.test.snowbird.reportTestcases.CompareOldandNewReports)]" name="beforeTest" is-config="true" duration-ms="16521" started-at="2013-08-07T22:59:43Z" finished-at="2013-08-07T23:00:00Z">
          <reporter-output>
          </reporter-output>
        </test-method> <!-- beforeTest -->
        <test-method status="FAIL" signature="compareReports()[pri:0, instance:null(com.wwt.test.snowbird.reportTestcases.CompareOldandNewReports)]" name="compareReports" duration-ms="8444" started-at="2013-08-07T23:00:00Z" finished-at="2013-08-07T23:00:08Z">
          <exception class="java.lang.NullPointerException">
            <full-stacktrace>
              <![CDATA[java.lang.NullPointerException
	at dataLoad.FileData.getValues(FileData.java:40)
	at com.wwt.main.snobird.pageObjects.BiResourcesTab.load(BiResourcesTab.java:39)
	at com.wwt.main.snobird.pageObjects.BiResourcesTab.<init>(BiResourcesTab.java:27)
	at com.wwt.test.snowbird.reportTestcases.CompareOldandNewReports.compareReports(CompareOldandNewReports.java:31)
	at sun.reflect.NativeMethodAccessorImpl.invoke0(Native Method)
	at sun.reflect.NativeMethodAccessorImpl.invoke(Unknown Source)
	at sun.reflect.DelegatingMethodAccessorImpl.invoke(Unknown Source)
	at java.lang.reflect.Method.invoke(Unknown Source)
	at org.testng.internal.MethodInvocationHelper.invokeMethod(MethodInvocationHelper.java:84)
	at org.testng.internal.Invoker.invokeMethod(Invoker.java:714)
	at org.testng.internal.Invoker.invokeTestMethod(Invoker.java:901)
	at org.testng.internal.Invoker.invokeTestMethods(Invoker.java:1231)
	at org.testng.internal.TestMethodWorker.invokeTestMethods(TestMethodWorker.java:127)
	at org.testng.internal.TestMethodWorker.run(TestMethodWorker.java:111)
	at org.testng.TestRunner.privateRun(TestRunner.java:767)
	at org.testng.TestRunner.run(TestRunner.java:617)
	at org.testng.SuiteRunner.runTest(SuiteRunner.java:335)
	at org.testng.SuiteRunner.runSequentially(SuiteRunner.java:330)
	at org.testng.SuiteRunner.privateRun(SuiteRunner.java:291)
	at org.testng.SuiteRunner.run(SuiteRunner.java:240)
	at org.testng.SuiteRunnerWorker.runSuite(SuiteRunnerWorker.java:52)
	at org.testng.SuiteRunnerWorker.run(SuiteRunnerWorker.java:86)
	at org.testng.TestNG.runSuitesSequentially(TestNG.java:1224)
	at org.testng.TestNG.runSuitesLocally(TestNG.java:1149)
	at org.testng.TestNG.run(TestNG.java:1057)
	at org.testng.remote.RemoteTestNG.run(RemoteTestNG.java:111)
	at org.testng.remote.RemoteTestNG.initAndRun(RemoteTestNG.java:204)
	at org.testng.remote.RemoteTestNG.main(RemoteTestNG.java:175)
]]>
            </full-stacktrace>
          </exception> <!-- java.lang.NullPointerException -->
          <reporter-output>
          </reporter-output>
        </test-method> <!-- compareReports -->
        <test-method status="PASS" signature="afterTest()[pri:0, instance:null(com.wwt.test.snowbird.reportTestcases.CompareOldandNewReports)]" name="afterTest" is-config="true" duration-ms="1" started-at="2013-08-07T23:00:08Z" finished-at="2013-08-07T23:00:08Z">
          <reporter-output>
          </reporter-output>
        </test-method> <!-- afterTest -->
      </class> <!-- com.wwt.test.snowbird.reportTestcases.CompareOldandNewReports -->
    </test> <!-- Default test -->
  </suite> <!-- Default suite -->
</testng-results>
