<?xml version="1.0" encoding="UTF-8"?>
<!-- Generated by org.testng.reporters.JUnitXMLReporter -->
<testsuite hostname="FL2012HPCPQW" name="Default test" tests="1" failures="0" timestamp="8 Aug 2013 17:28:17 GMT" time="12.53" errors="0">
  <testcase name="compareReports on null(com.wwt.test.snowbird.reportTestcases.CompareOldandNewReports)" time="0.0020" classname="com.wwt.test.snowbird.reportTestcases.CompareOldandNewReports">
    <skipped/>
  </testcase> <!-- compareReports on null(com.wwt.test.snowbird.reportTestcases.CompareOldandNewReports) -->
</testsuite> <!-- Default test -->
