<?xml version="1.0" encoding="UTF-8"?>
<!-- Generated by org.testng.reporters.JUnitXMLReporter -->
<testsuite hostname="FL2012HPCPQW" name="Default test" tests="1" failures="1" timestamp="8 Aug 2013 03:00:08 GMT" time="24.986" errors="0">
  <testcase name="compareReports on null(com.wwt.test.snowbird.reportTestcases.CompareOldandNewReports)" time="8.444" classname="com.wwt.test.snowbird.reportTestcases.CompareOldandNewReports">
    <failure type="java.lang.NullPointerException">
      <![CDATA[java.lang.NullPointerException
	at dataLoad.FileData.getValues(FileData.java:40)
	at com.wwt.main.snobird.pageObjects.BiResourcesTab.load(BiResourcesTab.java:39)
	at com.wwt.main.snobird.pageObjects.BiResourcesTab.<init>(BiResourcesTab.java:27)
	at com.wwt.test.snowbird.reportTestcases.CompareOldandNewReports.compareReports(CompareOldandNewReports.java:31)
	at sun.reflect.NativeMethodAccessorImpl.invoke0(Native Method)
	at sun.reflect.NativeMethodAccessorImpl.invoke(Unknown Source)
	at sun.reflect.DelegatingMethodAccessorImpl.invoke(Unknown Source)
	at java.lang.reflect.Method.invoke(Unknown Source)
	at org.testng.internal.MethodInvocationHelper.invokeMethod(MethodInvocationHelper.java:84)
	at org.testng.internal.Invoker.invokeMethod(Invoker.java:714)
	at org.testng.internal.Invoker.invokeTestMethod(Invoker.java:901)
	at org.testng.internal.Invoker.invokeTestMethods(Invoker.java:1231)
	at org.testng.internal.TestMethodWorker.invokeTestMethods(TestMethodWorker.java:127)
	at org.testng.internal.TestMethodWorker.run(TestMethodWorker.java:111)
	at org.testng.TestRunner.privateRun(TestRunner.java:767)
	at org.testng.TestRunner.run(TestRunner.java:617)
	at org.testng.SuiteRunner.runTest(SuiteRunner.java:335)
	at org.testng.SuiteRunner.runSequentially(SuiteRunner.java:330)
	at org.testng.SuiteRunner.privateRun(SuiteRunner.java:291)
	at org.testng.SuiteRunner.run(SuiteRunner.java:240)
	at org.testng.SuiteRunnerWorker.runSuite(SuiteRunnerWorker.java:52)
	at org.testng.SuiteRunnerWorker.run(SuiteRunnerWorker.java:86)
	at org.testng.TestNG.runSuitesSequentially(TestNG.java:1224)
	at org.testng.TestNG.runSuitesLocally(TestNG.java:1149)
	at org.testng.TestNG.run(TestNG.java:1057)
	at org.testng.remote.RemoteTestNG.run(RemoteTestNG.java:111)
	at org.testng.remote.RemoteTestNG.initAndRun(RemoteTestNG.java:204)
	at org.testng.remote.RemoteTestNG.main(RemoteTestNG.java:175)
]]>
    </failure>
  </testcase> <!-- compareReports on null(com.wwt.test.snowbird.reportTestcases.CompareOldandNewReports) -->
</testsuite> <!-- Default test -->
